autoscan: warning: missing AC_CHECK_FUNCS([alarm]) wanted by: 
	src/perftest_resources.c:2772
	src/perftest_resources.c:2973
	src/perftest_resources.c:3029
	src/perftest_resources.c:3224
	src/perftest_resources.c:3347
	src/perftest_resources.c:3495
	src/perftest_resources.c:3504
	src/perftest_resources.c:3580
	src/perftest_resources.c:3807
	src/perftest_resources.c:3901
	src/perftest_resources.c:4375
	src/perftest_resources.c:4382
	src/perftest_resources.c:4399
	src/perftest_resources.c:4422
autoscan: warning: missing AC_CHECK_FUNCS([gethostbyname]) wanted by: 
	src/ud_lat.c:251
	src/rc_lat.c:246
	src/async/rc_async.c:283
autoscan: warning: missing AC_CHECK_FUNCS([gettimeofday]) wanted by: 
	src/get_clock.c:47
	src/get_clock.c:53
	src/many_to_one/main.cpp:42
	src/many_to_one/main.cpp:56
autoscan: warning: missing AC_CHECK_FUNCS([memset]) wanted by: 
	src/read_lat.c:29
	src/read_lat.c:30
	src/read_lat.c:31
	src/read_lat.c:105
	src/read_lat.c:107
	src/perftest_resources.c:593
	src/perftest_resources.c:623
	src/perftest_resources.c:662
	src/perftest_resources.c:837
	src/perftest_resources.c:855
	src/perftest_resources.c:860
	src/perftest_resources.c:861
	src/perftest_resources.c:870
	src/perftest_resources.c:1278
	src/perftest_resources.c:1288
	src/perftest_resources.c:1329
	src/perftest_resources.c:1363
	src/perftest_resources.c:1566
	src/perftest_resources.c:1685
	src/perftest_resources.c:1687
	src/perftest_resources.c:1688
	src/perftest_resources.c:1694
	src/perftest_resources.c:1874
	src/perftest_resources.c:2083
	src/perftest_resources.c:2135
	src/perftest_resources.c:2136
	src/perftest_resources.c:2376
	src/perftest_resources.c:2589
	src/perftest_resources.c:2616
	src/perftest_resources.c:3016
	src/perftest_resources.c:3019
	src/perftest_resources.c:3206
	src/perftest_resources.c:3322
	src/perftest_resources.c:3325
	src/perftest_resources.c:3328
	src/perftest_resources.c:3476
	src/perftest_resources.c:3477
	src/perftest_resources.c:4457
	src/perftest_resources.c:4582
	src/ud_lat.c:82
	src/ud_lat.c:104
	src/ud_lat.c:259
	src/ud_lat.c:297
	src/ud_lat.c:400
	src/ud_lat.c:419
	src/ud_lat.c:446
	src/perftest_communication.c:638
	src/perftest_communication.c:680
	src/perftest_communication.c:873
	src/perftest_communication.c:970
	src/perftest_communication.c:1067
	src/perftest_communication.c:1117
	src/perftest_communication.c:1175
	src/perftest_communication.c:1202
	src/perftest_communication.c:2157
	src/perftest_communication.c:2221
	src/perftest_communication.c:2584
	src/write_lat.c:29
	src/write_lat.c:30
	src/write_lat.c:31
	src/write_lat.c:113
	src/write_lat.c:115
	src/read_bw.c:24
	src/read_bw.c:25
	src/read_bw.c:26
	src/read_bw.c:95
	src/read_bw.c:97
	src/atomic_lat.c:29
	src/atomic_lat.c:30
	src/atomic_lat.c:31
	src/atomic_lat.c:104
	src/atomic_lat.c:106
	src/send_bw.c:133
	src/send_bw.c:134
	src/send_bw.c:135
	src/send_bw.c:136
	src/send_bw.c:214
	src/send_bw.c:216
	src/perftest_parameters.c:2988
	src/multicast_resources.c:59
	src/send_lat.c:141
	src/send_lat.c:142
	src/send_lat.c:143
	src/send_lat.c:144
	src/send_lat.c:224
	src/send_lat.c:226
	src/atomic_bw.c:24
	src/atomic_bw.c:25
	src/atomic_bw.c:26
	src/atomic_bw.c:97
	src/atomic_bw.c:99
	src/write_bw.c:22
	src/write_bw.c:23
	src/write_bw.c:24
	src/write_bw.c:99
	src/write_bw.c:101
	src/rc_lat.c:79
	src/rc_lat.c:101
	src/rc_lat.c:254
	src/rc_lat.c:292
	src/rc_lat.c:395
	src/rc_lat.c:414
	src/rc_lat.c:442
	src/async/rc_async.c:80
	src/async/rc_async.c:102
	src/async/rc_async.c:126
	src/async/rc_async.c:291
	src/async/rc_async.c:329
	src/async/rc_async.c:432
	src/async/rc_async.c:451
	src/async/rc_async.c:479
	src/many_to_one/main.cpp:30
	src/many_to_one/main.cpp:80
	src/many_to_one/main.cpp:101
	src/many_to_one/rdma.cpp:56
	src/many_to_one/rdma.cpp:73
	src/many_to_one/rdma.cpp:175
	src/many_to_one/rdma.cpp:229
	src/many_to_one/rdma.cpp:272
	src/many_to_one/rdma.cpp:290
autoscan: warning: missing AC_CHECK_FUNCS([munmap]) wanted by: 
	src/perftest_resources.c:159
autoscan: warning: missing AC_CHECK_FUNCS([pow]) wanted by: 
	src/perftest_parameters.c:3155
autoscan: warning: missing AC_CHECK_FUNCS([realpath]) wanted by: 
	src/perftest_counters.c:75
autoscan: warning: missing AC_CHECK_FUNCS([socket]) wanted by: 
	src/ud_lat.c:244
	src/ud_lat.c:282
	src/perftest_communication.c:648
	src/perftest_communication.c:691
	src/rc_lat.c:239
	src/rc_lat.c:277
	src/async/rc_async.c:276
	src/async/rc_async.c:314
	src/many_to_one/rdma.cpp:170
	src/many_to_one/rdma.cpp:224
autoscan: warning: missing AC_CHECK_FUNCS([sqrt]) wanted by: 
	src/perftest_parameters.c:3174
autoscan: warning: missing AC_CHECK_FUNCS([strdup]) wanted by: 
	src/perftest_parameters.c:2366
	src/perftest_counters.c:57
autoscan: warning: missing AC_CHECK_FUNCS([strerror]) wanted by: 
	src/perftest_resources.c:139
	src/perftest_resources.c:148
	src/perftest_resources.c:599
	src/perftest_resources.c:968
	src/perftest_resources.c:983
	src/perftest_resources.c:1011
	src/perftest_resources.c:1018
	src/perftest_resources.c:1042
	src/perftest_resources.c:1782
	src/perftest_resources.c:1793
	src/perftest_resources.c:4663
autoscan: warning: missing AC_CHECK_FUNCS([strncasecmp]) wanted by: 
	src/perftest_parameters.c:1501
	src/perftest_parameters.c:1503
autoscan: warning: missing AC_CHECK_FUNCS([strpbrk]) wanted by: 
	src/perftest_communication.c:366
	src/perftest_communication.c:372
	src/perftest_communication.c:378
	src/perftest_communication.c:384
	src/perftest_communication.c:390
	src/perftest_communication.c:396
	src/perftest_communication.c:404
	src/perftest_communication.c:419
	src/multicast_resources.c:148
	src/multicast_resources.c:156
autoscan: warning: missing AC_CHECK_FUNCS([strstr]) wanted by: 
	src/get_clock.c:135
	src/perftest_counters.c:81
autoscan: warning: missing AC_CHECK_FUNCS([strtol]) wanted by: 
	src/perftest_communication.c:369
	src/perftest_communication.c:375
	src/perftest_communication.c:381
	src/perftest_communication.c:387
	src/perftest_communication.c:1757
	src/perftest_parameters.c:2015
	src/perftest_parameters.c:2017
	src/perftest_parameters.c:2023
	src/perftest_parameters.c:2028
	src/perftest_parameters.c:2029
	src/perftest_parameters.c:2051
	src/perftest_parameters.c:2083
	src/perftest_parameters.c:2084
	src/perftest_parameters.c:2091
	src/perftest_parameters.c:2120
	src/perftest_parameters.c:2202
	src/perftest_parameters.c:2211
	src/perftest_parameters.c:2252
	src/perftest_parameters.c:2256
	src/perftest_parameters.c:2273
	src/perftest_parameters.c:2281
	src/perftest_parameters.c:2330
	src/perftest_parameters.c:2340
	src/perftest_parameters.c:2350
	src/perftest_parameters.c:2358
	src/perftest_parameters.c:2370
	src/perftest_parameters.c:2374
	src/perftest_parameters.c:2378
	src/perftest_parameters.c:2382
	src/perftest_parameters.c:2386
	src/perftest_parameters.c:2394
	src/perftest_parameters.c:2439
	src/perftest_parameters.c:2449
	src/perftest_parameters.c:2457
	src/perftest_parameters.c:2461
	src/perftest_parameters.h:175
autoscan: warning: missing AC_CHECK_FUNCS([strtoul]) wanted by: 
	src/perftest_communication.c:393
	src/perftest_communication.c:422
	src/perftest_parameters.c:70
	src/perftest_parameters.c:94
autoscan: warning: missing AC_CHECK_FUNCS([strtoull]) wanted by: 
	src/perftest_communication.c:400
autoscan: warning: missing AC_CHECK_FUNCS([strverscmp]) wanted by: 
	src/perftest_communication.c:44
autoscan: warning: missing AC_CHECK_HEADERS([arpa/inet.h]) wanted by: 
	src/perftest_resources.h:16
	src/ud_lat.c:9
	src/perftest_communication.c:12
	src/perftest_parameters.c:6
	src/multicast_resources.c:4
	src/rc_lat.c:8
	src/async/rc_async.c:8
	src/many_to_one/rdma.cpp:11
autoscan: warning: missing AC_CHECK_HEADERS([fcntl.h]) wanted by: 
	src/perftest_resources.h:21
	src/perftest_counters.c:2
autoscan: warning: missing AC_CHECK_HEADERS([limits.h]) wanted by: 
	src/perftest_resources.c:9
	src/perftest_communication.c:4
	src/perftest_parameters.c:5
	src/multicast_resources.c:10
autoscan: warning: missing AC_CHECK_HEADERS([malloc.h]) wanted by: 
	src/read_lat.c:6
	src/perftest_resources.c:6
	src/perftest_communication.c:8
	src/write_lat.c:6
	src/atomic_lat.c:6
	src/multicast_resources.c:13
	src/send_lat.c:6
	src/perftest_parameters.h:8
autoscan: warning: missing AC_CHECK_HEADERS([netdb.h]) wanted by: 
	src/perftest_resources.h:20
	src/ud_lat.c:7
	src/perftest_communication.c:16
	src/multicast_resources.c:8
	src/rc_lat.c:6
	src/async/rc_async.c:6
autoscan: warning: missing AC_CHECK_HEADERS([netinet/in.h]) wanted by: 
	src/perftest_communication.h:4
	src/perftest_parameters.c:8
	src/many_to_one/rdma.cpp:12
autoscan: warning: missing AC_CHECK_HEADERS([sys/socket.h]) wanted by: 
	src/perftest_resources.h:19
	src/ud_lat.c:11
	src/perftest_communication.c:15
	src/perftest_parameters.c:9
	src/multicast_resources.c:6
	src/rc_lat.c:10
	src/async/rc_async.c:10
	src/many_to_one/rdma.cpp:9
autoscan: warning: missing AC_CHECK_HEADERS([sys/time.h]) wanted by: 
	src/get_clock.c:7
	src/perftest_resources.h:17
	src/ud_lat.c:12
	src/perftest_communication.c:13
	src/multicast_resources.c:7
	src/rc_lat.c:11
	src/async/rc_async.c:11
	src/many_to_one/main.cpp:9
autoscan: warning: missing AC_C_INLINE wanted by: 
	src/perftest_resources.c:247
	src/perftest_resources.c:251
	src/perftest_resources.c:572
	src/perftest_resources.c:2964
	src/get_clock.h:7
	src/get_clock.h:20
	src/get_clock.h:30
	src/get_clock.h:39
	src/get_clock.h:47
	src/get_clock.h:55
	src/get_clock.h:64
	src/perftest_communication.c:120
	src/perftest_communication.c:125
	src/perftest_parameters.c:3071
autoscan: warning: missing AC_FUNC_ALLOCA wanted by: 
	src/perftest_parameters.c:43
autoscan: warning: missing AC_FUNC_MALLOC wanted by: 
	src/perftest_parameters.h:180
	src/many_to_one/rdma.cpp:49
	src/many_to_one/rdma.cpp:50
	src/many_to_one/rdma.cpp:87
	src/many_to_one/rdma.cpp:127
	src/many_to_one/rdma.cpp:128
	src/many_to_one/rdma.cpp:130
	src/many_to_one/rdma.cpp:135
	src/many_to_one/rdma.cpp:183
	src/many_to_one/rdma.cpp:237
	src/many_to_one/rdma.cpp:238
autoscan: warning: missing AC_FUNC_MMAP wanted by: 
	src/perftest_resources.c:143
autoscan: warning: missing AC_TYPE_INT32_T wanted by: 
	src/multicast_resources.c:179
autoscan: warning: missing AC_TYPE_INT8_T wanted by: 
	src/perftest_parameters.c:1482
	src/perftest_parameters.c:1672
	src/perftest_parameters.h:380
	src/perftest_parameters.h:381
	src/perftest_parameters.h:522
autoscan: warning: missing AC_TYPE_SIZE_T wanted by: 
	src/perftest_resources.c:134
	src/perftest_resources.c:1234
	src/perftest_resources.c:1235
	src/perftest_communication.h:262
	src/perftest_communication.h:277
	src/ud_lat.c:75
	src/ud_lat.c:97
	src/ud_lat.c:124
	src/ud_lat.c:140
	src/ud_lat.c:140
	src/ud_lat.c:168
	src/ud_lat.c:168
	src/ud_lat.c:367
	src/ud_lat.c:374
	src/ud_lat.c:376
	src/perftest_communication.c:1457
	src/perftest_communication.c:1471
	src/rc_lat.c:72
	src/rc_lat.c:94
	src/rc_lat.c:118
	src/rc_lat.c:134
	src/rc_lat.c:134
	src/rc_lat.c:164
	src/rc_lat.c:164
	src/rc_lat.c:362
	src/rc_lat.c:369
	src/rc_lat.c:371
	src/async/rc_async.c:73
	src/async/rc_async.c:95
	src/async/rc_async.c:119
	src/async/rc_async.c:142
	src/async/rc_async.c:158
	src/async/rc_async.c:158
	src/async/rc_async.c:192
	src/async/rc_async.c:192
	src/async/rc_async.c:399
	src/async/rc_async.c:406
	src/async/rc_async.c:408
autoscan: warning: missing AC_TYPE_UINT16_T wanted by: 
	src/multicast_resources.h:99
	src/multicast_resources.h:100
	src/multicast_resources.h:103
	src/multicast_resources.h:104
	src/perftest_resources.c:4355
	src/perftest_resources.h:582
	src/ud_lat.c:241
	src/ud_lat.c:279
	src/perftest_communication.c:1595
	src/perftest_parameters.c:88
	src/perftest_parameters.c:2374
	src/perftest_parameters.c:2378
	src/perftest_parameters.c:2386
	src/perftest_parameters.c:2394
	src/multicast_resources.c:68
	src/multicast_resources.c:76
	src/multicast_resources.c:98
	src/multicast_resources.c:129
	src/multicast_resources.c:133
	src/multicast_resources.c:180
	src/multicast_resources.c:181
	src/multicast_resources.c:182
	src/multicast_resources.c:183
	src/rc_lat.c:236
	src/rc_lat.c:274
	src/perftest_parameters.h:345
	src/perftest_parameters.h:449
	src/async/rc_async.c:273
	src/async/rc_async.c:311
autoscan: warning: missing AC_TYPE_UINT32_T wanted by: 
	src/multicast_resources.h:146
	src/perftest_resources.c:847
	src/perftest_resources.c:877
	src/perftest_resources.c:2364
	src/perftest_resources.c:2584
	src/perftest_resources.c:2588
	src/perftest_resources.c:2591
	src/perftest_resources.c:2601
	src/perftest_resources.c:2618
	src/perftest_resources.c:2619
	src/perftest_resources.c:2842
	src/perftest_resources.c:3241
	src/perftest_resources.c:3522
	src/perftest_resources.h:91
	src/perftest_resources.h:92
	src/perftest_resources.h:138
	src/perftest_resources.h:147
	src/perftest_resources.h:148
	src/perftest_resources.h:149
	src/ud_lat.c:33
	src/ud_lat.c:154
	src/ud_lat.c:195
	src/perftest_communication.c:190
	src/perftest_communication.c:219
	src/perftest_communication.c:222
	src/perftest_communication.c:1917
	src/perftest_communication.c:2011
	src/perftest_parameters.c:2382
	src/multicast_resources.c:75
	src/multicast_resources.c:97
	src/multicast_resources.c:103
	src/multicast_resources.c:139
	src/rc_lat.c:30
	src/rc_lat.c:150
	src/rc_lat.c:190
	src/perftest_parameters.h:330
	src/perftest_parameters.h:331
	src/perftest_parameters.h:334
	src/perftest_parameters.h:335
	src/perftest_parameters.h:378
	src/perftest_parameters.h:379
	src/perftest_parameters.h:451
	src/perftest_parameters.h:454
	src/perftest_parameters.h:458
	src/async/rc_async.c:31
	src/async/rc_async.c:173
	src/async/rc_async.c:225
	src/many_to_one/rdma.cpp:126
	src/many_to_one/rdma.cpp:138
	src/many_to_one/rdma.hpp:37
	src/many_to_one/rdma.hpp:38
autoscan: warning: missing AC_TYPE_UINT64_T wanted by: 
	src/read_lat.c:230
	src/perftest_resources.c:828
	src/perftest_resources.c:833
	src/perftest_resources.c:856
	src/perftest_resources.c:857
	src/perftest_resources.c:858
	src/perftest_resources.c:859
	src/perftest_resources.c:860
	src/perftest_resources.c:861
	src/perftest_resources.c:866
	src/perftest_resources.c:890
	src/perftest_resources.c:2737
	src/perftest_resources.c:2738
	src/perftest_resources.c:2741
	src/perftest_resources.c:2783
	src/perftest_resources.c:2987
	src/perftest_resources.c:2990
	src/perftest_resources.c:2991
	src/perftest_resources.c:3015
	src/perftest_resources.c:3016
	src/perftest_resources.c:3022
	src/perftest_resources.c:3024
	src/perftest_resources.c:3187
	src/perftest_resources.c:3188
	src/perftest_resources.c:3193
	src/perftest_resources.c:3205
	src/perftest_resources.c:3206
	src/perftest_resources.c:3307
	src/perftest_resources.c:3308
	src/perftest_resources.c:3321
	src/perftest_resources.c:3322
	src/perftest_resources.c:3324
	src/perftest_resources.c:3325
	src/perftest_resources.c:3446
	src/perftest_resources.c:3447
	src/perftest_resources.c:3448
	src/perftest_resources.c:3452
	src/perftest_resources.c:3453
	src/perftest_resources.c:3454
	src/perftest_resources.c:3472
	src/perftest_resources.c:3476
	src/perftest_resources.c:3511
	src/perftest_resources.c:3766
	src/perftest_resources.c:3767
	src/perftest_resources.c:3768
	src/perftest_resources.c:3876
	src/perftest_resources.c:3959
	src/perftest_resources.c:3960
	src/perftest_resources.c:4140
	src/perftest_resources.c:4141
	src/perftest_resources.c:4142
	src/perftest_resources.c:4208
	src/perftest_resources.c:4209
	src/perftest_resources.c:4210
	src/perftest_resources.c:4211
	src/perftest_resources.c:4212
	src/perftest_resources.c:4238
	src/perftest_resources.h:134
	src/perftest_resources.h:135
	src/perftest_resources.h:136
	src/perftest_resources.h:137
	src/perftest_resources.h:139
	src/perftest_resources.h:140
	src/perftest_resources.h:141
	src/perftest_resources.h:144
	src/perftest_resources.h:145
	src/perftest_resources.h:614
	src/perftest_resources.h:614
	src/perftest_resources.h:646
	src/perftest_resources.h:646
	src/ud_lat.c:27
	src/ud_lat.c:29
	src/ud_lat.c:35
	src/ud_lat.c:79
	src/ud_lat.c:101
	src/ud_lat.c:175
	src/ud_lat.c:177
	src/ud_lat.c:181
	src/ud_lat.c:202
	src/ud_lat.c:210
	src/ud_lat.c:470
	src/perftest_communication.c:144
	src/perftest_communication.c:1530
	src/write_lat.c:219
	src/read_bw.c:243
	src/send_bw.c:370
	src/perftest_parameters.c:2120
	src/perftest_parameters.c:2919
	src/perftest_parameters.c:2928
	src/multicast_resources.c:57
	src/multicast_resources.c:67
	src/multicast_resources.c:67
	src/send_lat.c:368
	src/write_bw.c:240
	src/rc_lat.c:24
	src/rc_lat.c:26
	src/rc_lat.c:32
	src/rc_lat.c:76
	src/rc_lat.c:98
	src/rc_lat.c:171
	src/rc_lat.c:173
	src/rc_lat.c:177
	src/rc_lat.c:197
	src/rc_lat.c:205
	src/perftest_parameters.h:307
	src/perftest_parameters.h:309
	src/perftest_parameters.h:310
	src/perftest_parameters.h:311
	src/perftest_parameters.h:312
	src/perftest_parameters.h:313
	src/perftest_parameters.h:472
	src/async/rc_async.c:25
	src/async/rc_async.c:27
	src/async/rc_async.c:33
	src/async/rc_async.c:77
	src/async/rc_async.c:99
	src/async/rc_async.c:123
	src/async/rc_async.c:202
	src/async/rc_async.c:204
	src/async/rc_async.c:208
	src/async/rc_async.c:234
	src/async/rc_async.c:242
	src/many_to_one/main.cpp:31
	src/many_to_one/rdma.cpp:137
	src/many_to_one/rdma.hpp:36
autoscan: warning: missing AC_TYPE_UINT8_T wanted by: 
	src/multicast_resources.h:105
	src/perftest_communication.c:520
	src/perftest_communication.c:541
	src/perftest_communication.c:922
	src/perftest_communication.c:2106
	src/perftest_parameters.c:1618
	src/perftest_parameters.c:2028
	src/perftest_parameters.c:2029
	src/perftest_parameters.c:2037
	src/multicast_resources.c:52
	src/multicast_resources.c:56
	src/multicast_resources.c:96
	src/multicast_resources.c:131
	src/multicast_resources.c:141
	src/perftest_parameters.h:303
	src/perftest_parameters.h:304
	src/perftest_parameters.h:315
	src/perftest_parameters.h:316
	src/perftest_parameters.h:320
	src/perftest_parameters.h:321
	src/perftest_parameters.h:324
	src/perftest_parameters.h:325
	src/perftest_parameters.h:326
	src/perftest_parameters.h:327
	src/perftest_parameters.h:328
	src/perftest_parameters.h:329
	src/perftest_parameters.h:450
	src/perftest_parameters.h:662
